{"/Users/varman/Documents/assignment/joi-energy-js/src/data/db.js": {"path":"/Users/varman/Documents/assignment/joi-energy-js/src/data/db.js","statementMap":{"0":{"start":{"line":1,"column":33},"end":{"line":1,"column":64}},"1":{"start":{"line":6,"column":8},"end":{"line":6,"column":27}},"2":{"start":{"line":7,"column":8},"end":{"line":7,"column":41}},"3":{"start":{"line":9,"column":8},"end":{"line":9,"column":26}},"4":{"start":{"line":13,"column":8},"end":{"line":13,"column":28}},"5":{"start":{"line":14,"column":8},"end":{"line":14,"column":23}},"6":{"start":{"line":18,"column":8},"end":{"line":24,"column":9}},"7":{"start":{"line":19,"column":12},"end":{"line":23,"column":13}},"8":{"start":{"line":20,"column":16},"end":{"line":22,"column":17}},"9":{"start":{"line":21,"column":20},"end":{"line":21,"column":33}},"10":{"start":{"line":26,"column":8},"end":{"line":26,"column":20}},"11":{"start":{"line":30,"column":8},"end":{"line":51,"column":27}},"12":{"start":{"line":31,"column":23},"end":{"line":31,"column":39}},"13":{"start":{"line":33,"column":12},"end":{"line":47,"column":13}},"14":{"start":{"line":34,"column":16},"end":{"line":34,"column":28}},"15":{"start":{"line":36,"column":28},"end":{"line":36,"column":30}},"16":{"start":{"line":39,"column":16},"end":{"line":45,"column":17}},"17":{"start":{"line":40,"column":20},"end":{"line":44,"column":21}},"18":{"start":{"line":41,"column":24},"end":{"line":41,"column":64}},"19":{"start":{"line":43,"column":24},"end":{"line":43,"column":42}},"20":{"start":{"line":46,"column":16},"end":{"line":46,"column":30}},"21":{"start":{"line":49,"column":12},"end":{"line":49,"column":23}},"22":{"start":{"line":55,"column":8},"end":{"line":55,"column":30}},"23":{"start":{"line":59,"column":8},"end":{"line":59,"column":31}},"24":{"start":{"line":63,"column":8},"end":{"line":65,"column":9}},"25":{"start":{"line":64,"column":12},"end":{"line":64,"column":45}},"26":{"start":{"line":66,"column":8},"end":{"line":66,"column":34}},"27":{"start":{"line":70,"column":22},"end":{"line":70,"column":24}},"28":{"start":{"line":71,"column":27},"end":{"line":71,"column":28}},"29":{"start":{"line":73,"column":8},"end":{"line":73,"column":60}},"30":{"start":{"line":75,"column":8},"end":{"line":81,"column":9}},"31":{"start":{"line":76,"column":12},"end":{"line":76,"column":49}},"32":{"start":{"line":78,"column":12},"end":{"line":80,"column":13}},"33":{"start":{"line":79,"column":16},"end":{"line":79,"column":22}},"34":{"start":{"line":83,"column":8},"end":{"line":83,"column":23}},"35":{"start":{"line":87,"column":8},"end":{"line":87,"column":41}},"36":{"start":{"line":88,"column":8},"end":{"line":88,"column":26}},"37":{"start":{"line":92,"column":11},"end":{"line":95,"column":1}},"38":{"start":{"line":99,"column":8},"end":{"line":99,"column":28}},"39":{"start":{"line":103,"column":8},"end":{"line":120,"column":9}},"40":{"start":{"line":105,"column":16},"end":{"line":107,"column":17}},"41":{"start":{"line":106,"column":20},"end":{"line":106,"column":85}},"42":{"start":{"line":109,"column":16},"end":{"line":109,"column":51}},"43":{"start":{"line":112,"column":16},"end":{"line":114,"column":17}},"44":{"start":{"line":113,"column":20},"end":{"line":113,"column":86}},"45":{"start":{"line":116,"column":16},"end":{"line":116,"column":53}},"46":{"start":{"line":119,"column":16},"end":{"line":119,"column":53}},"47":{"start":{"line":124,"column":0},"end":{"line":128,"column":2}}},"fnMap":{"0":{"name":"(anonymous_0)","decl":{"start":{"line":5,"column":4},"end":{"line":5,"column":5}},"loc":{"start":{"line":5,"column":32},"end":{"line":10,"column":5}},"line":5},"1":{"name":"(anonymous_1)","decl":{"start":{"line":12,"column":4},"end":{"line":12,"column":5}},"loc":{"start":{"line":12,"column":18},"end":{"line":15,"column":5}},"line":12},"2":{"name":"(anonymous_2)","decl":{"start":{"line":17,"column":4},"end":{"line":17,"column":5}},"loc":{"start":{"line":17,"column":19},"end":{"line":27,"column":5}},"line":17},"3":{"name":"(anonymous_3)","decl":{"start":{"line":29,"column":4},"end":{"line":29,"column":5}},"loc":{"start":{"line":29,"column":21},"end":{"line":52,"column":5}},"line":29},"4":{"name":"(anonymous_4)","decl":{"start":{"line":30,"column":37},"end":{"line":30,"column":38}},"loc":{"start":{"line":30,"column":49},"end":{"line":51,"column":9}},"line":30},"5":{"name":"(anonymous_5)","decl":{"start":{"line":54,"column":4},"end":{"line":54,"column":5}},"loc":{"start":{"line":54,"column":17},"end":{"line":56,"column":5}},"line":54},"6":{"name":"(anonymous_6)","decl":{"start":{"line":58,"column":4},"end":{"line":58,"column":5}},"loc":{"start":{"line":58,"column":25},"end":{"line":60,"column":5}},"line":58},"7":{"name":"(anonymous_7)","decl":{"start":{"line":62,"column":4},"end":{"line":62,"column":5}},"loc":{"start":{"line":62,"column":16},"end":{"line":67,"column":5}},"line":62},"8":{"name":"(anonymous_8)","decl":{"start":{"line":69,"column":4},"end":{"line":69,"column":5}},"loc":{"start":{"line":69,"column":19},"end":{"line":84,"column":5}},"line":69},"9":{"name":"(anonymous_9)","decl":{"start":{"line":86,"column":4},"end":{"line":86,"column":5}},"loc":{"start":{"line":86,"column":17},"end":{"line":89,"column":5}},"line":86},"10":{"name":"(anonymous_10)","decl":{"start":{"line":98,"column":4},"end":{"line":98,"column":5}},"loc":{"start":{"line":98,"column":18},"end":{"line":100,"column":5}},"line":98},"11":{"name":"(anonymous_11)","decl":{"start":{"line":102,"column":4},"end":{"line":102,"column":5}},"loc":{"start":{"line":102,"column":14},"end":{"line":121,"column":5}},"line":102}},"branchMap":{"0":{"loc":{"start":{"line":7,"column":24},"end":{"line":7,"column":40}},"type":"binary-expr","locations":[{"start":{"line":7,"column":24},"end":{"line":7,"column":32}},{"start":{"line":7,"column":36},"end":{"line":7,"column":40}}],"line":7},"1":{"loc":{"start":{"line":18,"column":8},"end":{"line":24,"column":9}},"type":"if","locations":[{"start":{"line":18,"column":8},"end":{"line":24,"column":9}},{"start":{"line":18,"column":8},"end":{"line":24,"column":9}}],"line":18},"2":{"loc":{"start":{"line":18,"column":12},"end":{"line":18,"column":35}},"type":"binary-expr","locations":[{"start":{"line":18,"column":12},"end":{"line":18,"column":16}},{"start":{"line":18,"column":20},"end":{"line":18,"column":35}}],"line":18},"3":{"loc":{"start":{"line":20,"column":16},"end":{"line":22,"column":17}},"type":"if","locations":[{"start":{"line":20,"column":16},"end":{"line":22,"column":17}},{"start":{"line":20,"column":16},"end":{"line":22,"column":17}}],"line":20},"4":{"loc":{"start":{"line":33,"column":12},"end":{"line":47,"column":13}},"type":"if","locations":[{"start":{"line":33,"column":12},"end":{"line":47,"column":13}},{"start":{"line":33,"column":12},"end":{"line":47,"column":13}}],"line":33},"5":{"loc":{"start":{"line":40,"column":20},"end":{"line":44,"column":21}},"type":"if","locations":[{"start":{"line":40,"column":20},"end":{"line":44,"column":21}},{"start":{"line":40,"column":20},"end":{"line":44,"column":21}}],"line":40},"6":{"loc":{"start":{"line":63,"column":8},"end":{"line":65,"column":9}},"type":"if","locations":[{"start":{"line":63,"column":8},"end":{"line":65,"column":9}},{"start":{"line":63,"column":8},"end":{"line":65,"column":9}}],"line":63},"7":{"loc":{"start":{"line":73,"column":16},"end":{"line":73,"column":59}},"type":"binary-expr","locations":[{"start":{"line":73,"column":16},"end":{"line":73,"column":21}},{"start":{"line":73,"column":25},"end":{"line":73,"column":59}}],"line":73},"8":{"loc":{"start":{"line":78,"column":12},"end":{"line":80,"column":13}},"type":"if","locations":[{"start":{"line":78,"column":12},"end":{"line":80,"column":13}},{"start":{"line":78,"column":12},"end":{"line":80,"column":13}}],"line":78},"9":{"loc":{"start":{"line":103,"column":8},"end":{"line":120,"column":9}},"type":"switch","locations":[{"start":{"line":104,"column":12},"end":{"line":109,"column":51}},{"start":{"line":111,"column":12},"end":{"line":116,"column":53}},{"start":{"line":118,"column":12},"end":{"line":119,"column":53}}],"line":103},"10":{"loc":{"start":{"line":105,"column":16},"end":{"line":107,"column":17}},"type":"if","locations":[{"start":{"line":105,"column":16},"end":{"line":107,"column":17}},{"start":{"line":105,"column":16},"end":{"line":107,"column":17}}],"line":105},"11":{"loc":{"start":{"line":112,"column":16},"end":{"line":114,"column":17}},"type":"if","locations":[{"start":{"line":112,"column":16},"end":{"line":114,"column":17}},{"start":{"line":112,"column":16},"end":{"line":114,"column":17}}],"line":112}},"s":{"0":5,"1":8,"2":8,"3":8,"4":8,"5":8,"6":0,"7":0,"8":0,"9":0,"10":0,"11":14,"12":15,"13":15,"14":15,"15":0,"16":0,"17":0,"18":0,"19":0,"20":0,"21":15,"22":14,"23":6,"24":11,"25":2,"26":9,"27":7,"28":7,"29":7,"30":7,"31":20,"32":20,"33":7,"34":7,"35":6,"36":6,"37":5,"38":5,"39":11,"40":5,"41":4,"42":5,"43":5,"44":4,"45":5,"46":1,"47":5},"f":{"0":8,"1":8,"2":0,"3":14,"4":15,"5":14,"6":6,"7":11,"8":7,"9":6,"10":5,"11":11},"b":{"0":[8,0],"1":[0,0],"2":[0,0],"3":[0,0],"4":[15,0],"5":[0,0],"6":[2,9],"7":[7,7],"8":[7,13],"9":[5,5,1],"10":[4,1],"11":[4,1]},"_coverageSchema":"1a1c01bbd47fc00a2c39e90264f33305004495a9","hash":"dbb07fde2cc607c8bc5e4281a4d6e20d63ee8281"}
,"/Users/varman/Documents/assignment/joi-energy-js/src/data/generator.js": {"path":"/Users/varman/Documents/assignment/joi-energy-js/src/data/generator.js","statementMap":{"0":{"start":{"line":3,"column":8},"end":{"line":3,"column":63}},"1":{"start":{"line":7,"column":26},"end":{"line":7,"column":36}},"2":{"start":{"line":8,"column":21},"end":{"line":8,"column":25}},"3":{"start":{"line":9,"column":31},"end":{"line":9,"column":60}},"4":{"start":{"line":11,"column":8},"end":{"line":14,"column":12}},"5":{"start":{"line":11,"column":71},"end":{"line":14,"column":9}},"6":{"start":{"line":20,"column":8},"end":{"line":20,"column":54}},"7":{"start":{"line":24,"column":31},"end":{"line":28,"column":9}},"8":{"start":{"line":30,"column":30},"end":{"line":34,"column":9}},"9":{"start":{"line":36,"column":27},"end":{"line":52,"column":9}},"10":{"start":{"line":54,"column":8},"end":{"line":54,"column":26}},"11":{"start":{"line":60,"column":8},"end":{"line":60,"column":49}},"12":{"start":{"line":64,"column":23},"end":{"line":70,"column":9}},"13":{"start":{"line":72,"column":8},"end":{"line":72,"column":22}},"14":{"start":{"line":77,"column":0},"end":{"line":81,"column":1}}},"fnMap":{"0":{"name":"(anonymous_0)","decl":{"start":{"line":2,"column":4},"end":{"line":2,"column":5}},"loc":{"start":{"line":2,"column":18},"end":{"line":4,"column":5}},"line":2},"1":{"name":"(anonymous_1)","decl":{"start":{"line":6,"column":4},"end":{"line":6,"column":5}},"loc":{"start":{"line":6,"column":15},"end":{"line":15,"column":5}},"line":6},"2":{"name":"(anonymous_2)","decl":{"start":{"line":11,"column":50},"end":{"line":11,"column":51}},"loc":{"start":{"line":11,"column":71},"end":{"line":14,"column":9}},"line":11},"3":{"name":"(anonymous_3)","decl":{"start":{"line":19,"column":4},"end":{"line":19,"column":5}},"loc":{"start":{"line":19,"column":18},"end":{"line":21,"column":5}},"line":19},"4":{"name":"(anonymous_4)","decl":{"start":{"line":23,"column":4},"end":{"line":23,"column":5}},"loc":{"start":{"line":23,"column":15},"end":{"line":55,"column":5}},"line":23},"5":{"name":"(anonymous_5)","decl":{"start":{"line":59,"column":4},"end":{"line":59,"column":5}},"loc":{"start":{"line":59,"column":18},"end":{"line":61,"column":5}},"line":59},"6":{"name":"(anonymous_6)","decl":{"start":{"line":63,"column":4},"end":{"line":63,"column":5}},"loc":{"start":{"line":63,"column":15},"end":{"line":73,"column":5}},"line":63}},"branchMap":{},"s":{"0":1,"1":5,"2":5,"3":5,"4":5,"5":59,"6":1,"7":1,"8":1,"9":1,"10":1,"11":1,"12":1,"13":1,"14":1},"f":{"0":1,"1":5,"2":59,"3":1,"4":1,"5":1,"6":1},"b":{},"_coverageSchema":"1a1c01bbd47fc00a2c39e90264f33305004495a9","hash":"f46225f8193d285ae52de74c176f7c7b2a03e784"}
,"/Users/varman/Documents/assignment/joi-energy-js/src/data/seed.js": {"path":"/Users/varman/Documents/assignment/joi-energy-js/src/data/seed.js","statementMap":{"0":{"start":{"line":1,"column":68},"end":{"line":1,"column":90}},"1":{"start":{"line":2,"column":24},"end":{"line":2,"column":39}},"2":{"start":{"line":6,"column":8},"end":{"line":6,"column":52}},"3":{"start":{"line":10,"column":33},"end":{"line":10,"column":59}},"4":{"start":{"line":11,"column":23},"end":{"line":11,"column":54}},"5":{"start":{"line":12,"column":27},"end":{"line":12,"column":63}},"6":{"start":{"line":14,"column":23},"end":{"line":14,"column":25}},"7":{"start":{"line":16,"column":8},"end":{"line":16,"column":58}},"8":{"start":{"line":18,"column":8},"end":{"line":25,"column":9}},"9":{"start":{"line":19,"column":12},"end":{"line":24,"column":13}},"10":{"start":{"line":20,"column":16},"end":{"line":23,"column":19}},"11":{"start":{"line":27,"column":8},"end":{"line":27,"column":54}},"12":{"start":{"line":31,"column":0},"end":{"line":31,"column":43}}},"fnMap":{"0":{"name":"(anonymous_0)","decl":{"start":{"line":5,"column":4},"end":{"line":5,"column":5}},"loc":{"start":{"line":5,"column":18},"end":{"line":7,"column":5}},"line":5},"1":{"name":"(anonymous_1)","decl":{"start":{"line":9,"column":4},"end":{"line":9,"column":5}},"loc":{"start":{"line":9,"column":10},"end":{"line":28,"column":5}},"line":9}},"branchMap":{"0":{"loc":{"start":{"line":19,"column":12},"end":{"line":24,"column":13}},"type":"if","locations":[{"start":{"line":19,"column":12},"end":{"line":24,"column":13}},{"start":{"line":19,"column":12},"end":{"line":24,"column":13}}],"line":19}},"s":{"0":1,"1":1,"2":1,"3":1,"4":1,"5":1,"6":1,"7":1,"8":1,"9":5,"10":5,"11":1,"12":1},"f":{"0":1,"1":1},"b":{"0":[5,0]},"_coverageSchema":"1a1c01bbd47fc00a2c39e90264f33305004495a9","hash":"e1cd54d779a938071fa808929fd4abdb74dd09d6"}
,"/Users/varman/Documents/assignment/joi-energy-js/src/services/meter-readings/index.js": {"path":"/Users/varman/Documents/assignment/joi-energy-js/src/services/meter-readings/index.js","statementMap":{"0":{"start":{"line":3,"column":8},"end":{"line":3,"column":44}},"1":{"start":{"line":7,"column":8},"end":{"line":12,"column":15}},"2":{"start":{"line":8,"column":12},"end":{"line":8,"column":58}},"3":{"start":{"line":10,"column":12},"end":{"line":10,"column":37}},"4":{"start":{"line":11,"column":12},"end":{"line":11,"column":24}},"5":{"start":{"line":16,"column":8},"end":{"line":18,"column":9}},"6":{"start":{"line":17,"column":12},"end":{"line":17,"column":79}},"7":{"start":{"line":20,"column":8},"end":{"line":20,"column":69}},"8":{"start":{"line":24,"column":8},"end":{"line":24,"column":88}},"9":{"start":{"line":24,"column":47},"end":{"line":24,"column":66}},"10":{"start":{"line":28,"column":8},"end":{"line":28,"column":49}},"11":{"start":{"line":28,"column":32},"end":{"line":28,"column":47}},"12":{"start":{"line":29,"column":24},"end":{"line":29,"column":77}},"13":{"start":{"line":30,"column":22},"end":{"line":30,"column":48}},"14":{"start":{"line":31,"column":8},"end":{"line":31,"column":21}},"15":{"start":{"line":35,"column":25},"end":{"line":35,"column":50}},"16":{"start":{"line":36,"column":31},"end":{"line":36,"column":54}},"17":{"start":{"line":37,"column":29},"end":{"line":37,"column":63}},"18":{"start":{"line":39,"column":8},"end":{"line":39,"column":43}},"19":{"start":{"line":43,"column":8},"end":{"line":43,"column":48}},"20":{"start":{"line":47,"column":0},"end":{"line":47,"column":30}}},"fnMap":{"0":{"name":"(anonymous_0)","decl":{"start":{"line":2,"column":4},"end":{"line":2,"column":5}},"loc":{"start":{"line":2,"column":28},"end":{"line":4,"column":5}},"line":2},"1":{"name":"(anonymous_1)","decl":{"start":{"line":6,"column":4},"end":{"line":6,"column":5}},"loc":{"start":{"line":6,"column":34},"end":{"line":13,"column":5}},"line":6},"2":{"name":"(anonymous_2)","decl":{"start":{"line":7,"column":46},"end":{"line":7,"column":47}},"loc":{"start":{"line":7,"column":55},"end":{"line":9,"column":9}},"line":7},"3":{"name":"(anonymous_3)","decl":{"start":{"line":9,"column":18},"end":{"line":9,"column":19}},"loc":{"start":{"line":9,"column":34},"end":{"line":12,"column":9}},"line":9},"4":{"name":"(anonymous_4)","decl":{"start":{"line":15,"column":4},"end":{"line":15,"column":5}},"loc":{"start":{"line":15,"column":25},"end":{"line":21,"column":5}},"line":15},"5":{"name":"(anonymous_5)","decl":{"start":{"line":23,"column":4},"end":{"line":23,"column":5}},"loc":{"start":{"line":23,"column":23},"end":{"line":25,"column":5}},"line":23},"6":{"name":"(anonymous_6)","decl":{"start":{"line":24,"column":31},"end":{"line":24,"column":32}},"loc":{"start":{"line":24,"column":47},"end":{"line":24,"column":66}},"line":24},"7":{"name":"(anonymous_7)","decl":{"start":{"line":27,"column":4},"end":{"line":27,"column":5}},"loc":{"start":{"line":27,"column":34},"end":{"line":32,"column":5}},"line":27},"8":{"name":"(anonymous_8)","decl":{"start":{"line":28,"column":22},"end":{"line":28,"column":23}},"loc":{"start":{"line":28,"column":32},"end":{"line":28,"column":47}},"line":28},"9":{"name":"(anonymous_9)","decl":{"start":{"line":34,"column":4},"end":{"line":34,"column":5}},"loc":{"start":{"line":34,"column":21},"end":{"line":40,"column":5}},"line":34},"10":{"name":"(anonymous_10)","decl":{"start":{"line":42,"column":4},"end":{"line":42,"column":5}},"loc":{"start":{"line":42,"column":29},"end":{"line":44,"column":5}},"line":42}},"branchMap":{"0":{"loc":{"start":{"line":16,"column":8},"end":{"line":18,"column":9}},"type":"if","locations":[{"start":{"line":16,"column":8},"end":{"line":18,"column":9}},{"start":{"line":16,"column":8},"end":{"line":18,"column":9}}],"line":16}},"s":{"0":2,"1":0,"2":0,"3":0,"4":0,"5":11,"6":11,"7":0,"8":7,"9":14,"10":7,"11":7,"12":7,"13":7,"14":7,"15":8,"16":7,"17":7,"18":7,"19":1,"20":2},"f":{"0":2,"1":0,"2":0,"3":0,"4":11,"5":7,"6":14,"7":7,"8":7,"9":8,"10":1},"b":{"0":[11,0]},"_coverageSchema":"1a1c01bbd47fc00a2c39e90264f33305004495a9","hash":"4662797ebdd94510420df3df21831d44624a4b7a"}
,"/Users/varman/Documents/assignment/joi-energy-js/src/services/price-plans/index.js": {"path":"/Users/varman/Documents/assignment/joi-energy-js/src/services/price-plans/index.js","statementMap":{"0":{"start":{"line":3,"column":8},"end":{"line":3,"column":51}},"1":{"start":{"line":7,"column":8},"end":{"line":7,"column":60}},"2":{"start":{"line":11,"column":27},"end":{"line":11,"column":66}},"3":{"start":{"line":12,"column":34},"end":{"line":13,"column":66}},"4":{"start":{"line":12,"column":87},"end":{"line":12,"column":106}},"5":{"start":{"line":13,"column":38},"end":{"line":13,"column":60}},"6":{"start":{"line":15,"column":8},"end":{"line":15,"column":33}},"7":{"start":{"line":19,"column":0},"end":{"line":19,"column":28}}},"fnMap":{"0":{"name":"(anonymous_0)","decl":{"start":{"line":2,"column":4},"end":{"line":2,"column":5}},"loc":{"start":{"line":2,"column":28},"end":{"line":4,"column":5}},"line":2},"1":{"name":"(anonymous_1)","decl":{"start":{"line":6,"column":4},"end":{"line":6,"column":5}},"loc":{"start":{"line":6,"column":25},"end":{"line":8,"column":5}},"line":6},"2":{"name":"(anonymous_2)","decl":{"start":{"line":10,"column":4},"end":{"line":10,"column":5}},"loc":{"start":{"line":10,"column":31},"end":{"line":16,"column":5}},"line":10},"3":{"name":"(anonymous_3)","decl":{"start":{"line":12,"column":66},"end":{"line":12,"column":67}},"loc":{"start":{"line":12,"column":87},"end":{"line":12,"column":106}},"line":12},"4":{"name":"(anonymous_4)","decl":{"start":{"line":13,"column":16},"end":{"line":13,"column":17}},"loc":{"start":{"line":13,"column":38},"end":{"line":13,"column":60}},"line":13}},"branchMap":{},"s":{"0":2,"1":2,"2":3,"3":3,"4":4,"5":7,"6":3,"7":2},"f":{"0":2,"1":2,"2":3,"3":4,"4":7},"b":{},"_coverageSchema":"1a1c01bbd47fc00a2c39e90264f33305004495a9","hash":"3dd1f514de0d3ea0dfbcdf37ba88d0167ccb9880"}
,"/Users/varman/Documents/assignment/joi-energy-js/src/services/recommendation/index.js": {"path":"/Users/varman/Documents/assignment/joi-energy-js/src/services/recommendation/index.js","statementMap":{"0":{"start":{"line":6,"column":8},"end":{"line":6,"column":41}},"1":{"start":{"line":7,"column":8},"end":{"line":7,"column":38}},"2":{"start":{"line":11,"column":8},"end":{"line":11,"column":31}},"3":{"start":{"line":15,"column":8},"end":{"line":17,"column":9}},"4":{"start":{"line":16,"column":12},"end":{"line":16,"column":53}},"5":{"start":{"line":19,"column":8},"end":{"line":19,"column":50}},"6":{"start":{"line":23,"column":8},"end":{"line":27,"column":11}},"7":{"start":{"line":24,"column":12},"end":{"line":26,"column":14}},"8":{"start":{"line":31,"column":8},"end":{"line":35,"column":11}},"9":{"start":{"line":32,"column":12},"end":{"line":34,"column":14}},"10":{"start":{"line":39,"column":32},"end":{"line":39,"column":82}},"11":{"start":{"line":41,"column":8},"end":{"line":41,"column":31}},"12":{"start":{"line":45,"column":0},"end":{"line":45,"column":32}}},"fnMap":{"0":{"name":"(anonymous_0)","decl":{"start":{"line":5,"column":4},"end":{"line":5,"column":5}},"loc":{"start":{"line":5,"column":42},"end":{"line":8,"column":5}},"line":5},"1":{"name":"(anonymous_1)","decl":{"start":{"line":10,"column":4},"end":{"line":10,"column":5}},"loc":{"start":{"line":10,"column":32},"end":{"line":12,"column":5}},"line":10},"2":{"name":"(anonymous_2)","decl":{"start":{"line":14,"column":4},"end":{"line":14,"column":5}},"loc":{"start":{"line":14,"column":37},"end":{"line":20,"column":5}},"line":14},"3":{"name":"(anonymous_3)","decl":{"start":{"line":22,"column":4},"end":{"line":22,"column":5}},"loc":{"start":{"line":22,"column":50},"end":{"line":28,"column":5}},"line":22},"4":{"name":"(anonymous_4)","decl":{"start":{"line":23,"column":78},"end":{"line":23,"column":79}},"loc":{"start":{"line":23,"column":96},"end":{"line":27,"column":9}},"line":23},"5":{"name":"(anonymous_5)","decl":{"start":{"line":30,"column":4},"end":{"line":30,"column":5}},"loc":{"start":{"line":30,"column":38},"end":{"line":36,"column":5}},"line":30},"6":{"name":"(anonymous_6)","decl":{"start":{"line":31,"column":72},"end":{"line":31,"column":73}},"loc":{"start":{"line":31,"column":90},"end":{"line":35,"column":9}},"line":31},"7":{"name":"(anonymous_7)","decl":{"start":{"line":38,"column":4},"end":{"line":38,"column":5}},"loc":{"start":{"line":38,"column":30},"end":{"line":42,"column":5}},"line":38}},"branchMap":{"0":{"loc":{"start":{"line":15,"column":8},"end":{"line":17,"column":9}},"type":"if","locations":[{"start":{"line":15,"column":8},"end":{"line":17,"column":9}},{"start":{"line":15,"column":8},"end":{"line":17,"column":9}}],"line":15}},"s":{"0":1,"1":1,"2":4,"3":5,"4":0,"5":5,"6":2,"7":3,"8":1,"9":2,"10":2,"11":1,"12":1},"f":{"0":1,"1":4,"2":5,"3":2,"4":3,"5":1,"6":2,"7":2},"b":{"0":[0,5]},"_coverageSchema":"1a1c01bbd47fc00a2c39e90264f33305004495a9","hash":"b62e39d942d7c6400c0232ffb4b1bfa2c9c346eb"}
,"/Users/varman/Documents/assignment/joi-energy-js/src/utils/error/types/index.js": {"path":"/Users/varman/Documents/assignment/joi-energy-js/src/utils/error/types/index.js","statementMap":{"0":{"start":{"line":3,"column":8},"end":{"line":3,"column":23}},"1":{"start":{"line":4,"column":8},"end":{"line":4,"column":31}},"2":{"start":{"line":8,"column":0},"end":{"line":10,"column":1}}},"fnMap":{"0":{"name":"(anonymous_0)","decl":{"start":{"line":2,"column":4},"end":{"line":2,"column":5}},"loc":{"start":{"line":2,"column":25},"end":{"line":5,"column":5}},"line":2}},"branchMap":{},"s":{"0":2,"1":2,"2":5},"f":{"0":2},"b":{},"_coverageSchema":"1a1c01bbd47fc00a2c39e90264f33305004495a9","hash":"3172d70a5f5cade450bc29c9406f4842f2695060"}
}
