{"/Users/varman/Documents/assignment/joi-energy-js/src/meters/meters.js": {"path":"/Users/varman/Documents/assignment/joi-energy-js/src/meters/meters.js","statementMap":{"0":{"start":{"line":1,"column":39},"end":{"line":1,"column":76}},"1":{"start":{"line":3,"column":15},"end":{"line":9,"column":1}},"2":{"start":{"line":11,"column":26},"end":{"line":15,"column":1}},"3":{"start":{"line":17,"column":0},"end":{"line":17,"column":47}}},"fnMap":{},"branchMap":{},"s":{"0":5,"1":5,"2":5,"3":5},"f":{},"b":{},"_coverageSchema":"1a1c01bbd47fc00a2c39e90264f33305004495a9","hash":"4d33b1bbc0970e8ac9e3107c20e456dcfbfa68fc"}
,"/Users/varman/Documents/assignment/joi-energy-js/src/price-plans/price-plans-controller.js": {"path":"/Users/varman/Documents/assignment/joi-energy-js/src/price-plans/price-plans-controller.js","statementMap":{"0":{"start":{"line":1,"column":23},"end":{"line":1,"column":47}},"1":{"start":{"line":2,"column":34},"end":{"line":2,"column":59}},"2":{"start":{"line":10,"column":18},"end":{"line":17,"column":1}},"3":{"start":{"line":11,"column":18},"end":{"line":11,"column":41}},"4":{"start":{"line":12,"column":33},"end":{"line":12,"column":134}},"5":{"start":{"line":12,"column":102},"end":{"line":12,"column":133}},"6":{"start":{"line":13,"column":4},"end":{"line":15,"column":5}},"7":{"start":{"line":14,"column":8},"end":{"line":14,"column":62}},"8":{"start":{"line":16,"column":4},"end":{"line":16,"column":32}},"9":{"start":{"line":24,"column":20},"end":{"line":27,"column":1}},"10":{"start":{"line":25,"column":22},"end":{"line":25,"column":78}},"11":{"start":{"line":25,"column":60},"end":{"line":25,"column":77}},"12":{"start":{"line":26,"column":4},"end":{"line":26,"column":16}},"13":{"start":{"line":35,"column":16},"end":{"line":42,"column":1}},"14":{"start":{"line":36,"column":18},"end":{"line":36,"column":41}},"15":{"start":{"line":37,"column":33},"end":{"line":37,"column":82}},"16":{"start":{"line":38,"column":4},"end":{"line":41,"column":6}},"17":{"start":{"line":44,"column":0},"end":{"line":44,"column":40}}},"fnMap":{"0":{"name":"(anonymous_0)","decl":{"start":{"line":10,"column":18},"end":{"line":10,"column":19}},"loc":{"start":{"line":10,"column":40},"end":{"line":17,"column":1}},"line":10},"1":{"name":"(anonymous_1)","decl":{"start":{"line":12,"column":92},"end":{"line":12,"column":93}},"loc":{"start":{"line":12,"column":102},"end":{"line":12,"column":133}},"line":12},"2":{"name":"(anonymous_2)","decl":{"start":{"line":24,"column":20},"end":{"line":24,"column":21}},"loc":{"start":{"line":24,"column":30},"end":{"line":27,"column":1}},"line":24},"3":{"name":"(anonymous_3)","decl":{"start":{"line":25,"column":49},"end":{"line":25,"column":50}},"loc":{"start":{"line":25,"column":60},"end":{"line":25,"column":77}},"line":25},"4":{"name":"(anonymous_4)","decl":{"start":{"line":35,"column":16},"end":{"line":35,"column":17}},"loc":{"start":{"line":35,"column":34},"end":{"line":42,"column":1}},"line":35}},"branchMap":{"0":{"loc":{"start":{"line":13,"column":4},"end":{"line":15,"column":5}},"type":"if","locations":[{"start":{"line":13,"column":4},"end":{"line":15,"column":5}},{"start":{"line":13,"column":4},"end":{"line":15,"column":5}}],"line":13},"1":{"loc":{"start":{"line":13,"column":7},"end":{"line":13,"column":33}},"type":"binary-expr","locations":[{"start":{"line":13,"column":7},"end":{"line":13,"column":27}},{"start":{"line":13,"column":31},"end":{"line":13,"column":33}}],"line":13}},"s":{"0":1,"1":1,"2":1,"3":2,"4":2,"5":4,"6":2,"7":2,"8":0,"9":1,"10":8,"11":8,"12":8,"13":1,"14":1,"15":1,"16":1,"17":1},"f":{"0":2,"1":4,"2":8,"3":8,"4":1},"b":{"0":[2,0],"1":[2,1]},"_coverageSchema":"1a1c01bbd47fc00a2c39e90264f33305004495a9","hash":"8d98aa94ff276e3fa7bd08cba5eedc451533e300"}
,"/Users/varman/Documents/assignment/joi-energy-js/src/price-plans/price-plans.js": {"path":"/Users/varman/Documents/assignment/joi-energy-js/src/price-plans/price-plans.js","statementMap":{"0":{"start":{"line":1,"column":23},"end":{"line":5,"column":1}},"1":{"start":{"line":7,"column":22},"end":{"line":11,"column":1}},"2":{"start":{"line":13,"column":19},"end":{"line":26,"column":1}},"3":{"start":{"line":28,"column":0},"end":{"line":28,"column":48}}},"fnMap":{},"branchMap":{},"s":{"0":5,"1":5,"2":5,"3":5},"f":{},"b":{},"_coverageSchema":"1a1c01bbd47fc00a2c39e90264f33305004495a9","hash":"2f084d5b228dd9c0145149a382ce04cedcef2443"}
,"/Users/varman/Documents/assignment/joi-energy-js/src/readings/readings-controller.js": {"path":"/Users/varman/Documents/assignment/joi-energy-js/src/readings/readings-controller.js","statementMap":{"0":{"start":{"line":1,"column":13},"end":{"line":4,"column":1}},"1":{"start":{"line":2,"column":18},"end":{"line":2,"column":41}},"2":{"start":{"line":3,"column":4},"end":{"line":3,"column":26}},"3":{"start":{"line":6,"column":14},"end":{"line":9,"column":1}},"4":{"start":{"line":7,"column":17},"end":{"line":7,"column":25}},"5":{"start":{"line":8,"column":4},"end":{"line":8,"column":64}},"6":{"start":{"line":11,"column":0},"end":{"line":11,"column":33}}},"fnMap":{"0":{"name":"(anonymous_0)","decl":{"start":{"line":1,"column":13},"end":{"line":1,"column":14}},"loc":{"start":{"line":1,"column":31},"end":{"line":4,"column":1}},"line":1},"1":{"name":"(anonymous_1)","decl":{"start":{"line":6,"column":14},"end":{"line":6,"column":15}},"loc":{"start":{"line":6,"column":32},"end":{"line":9,"column":1}},"line":6}},"branchMap":{},"s":{"0":1,"1":1,"2":1,"3":1,"4":1,"5":1,"6":1},"f":{"0":1,"1":1},"b":{},"_coverageSchema":"1a1c01bbd47fc00a2c39e90264f33305004495a9","hash":"6a434801b709f184e8ea3b20752078517e7aaafe"}
,"/Users/varman/Documents/assignment/joi-energy-js/src/readings/readings.data.js": {"path":"/Users/varman/Documents/assignment/joi-energy-js/src/readings/readings.data.js","statementMap":{"0":{"start":{"line":1,"column":19},"end":{"line":1,"column":46}},"1":{"start":{"line":3,"column":23},"end":{"line":12,"column":1}},"2":{"start":{"line":4,"column":22},"end":{"line":4,"column":32}},"3":{"start":{"line":5,"column":17},"end":{"line":5,"column":21}},"4":{"start":{"line":6,"column":27},"end":{"line":6,"column":56}},"5":{"start":{"line":8,"column":4},"end":{"line":11,"column":8}},"6":{"start":{"line":8,"column":67},"end":{"line":11,"column":5}},"7":{"start":{"line":14,"column":26},"end":{"line":24,"column":1}},"8":{"start":{"line":15,"column":21},"end":{"line":15,"column":23}},"9":{"start":{"line":17,"column":4},"end":{"line":21,"column":5}},"10":{"start":{"line":18,"column":8},"end":{"line":20,"column":9}},"11":{"start":{"line":19,"column":12},"end":{"line":19,"column":53}},"12":{"start":{"line":23,"column":4},"end":{"line":23,"column":20}},"13":{"start":{"line":26,"column":21},"end":{"line":26,"column":40}},"14":{"start":{"line":28,"column":0},"end":{"line":28,"column":34}}},"fnMap":{"0":{"name":"(anonymous_0)","decl":{"start":{"line":3,"column":23},"end":{"line":3,"column":24}},"loc":{"start":{"line":3,"column":29},"end":{"line":12,"column":1}},"line":3},"1":{"name":"(anonymous_1)","decl":{"start":{"line":8,"column":46},"end":{"line":8,"column":47}},"loc":{"start":{"line":8,"column":67},"end":{"line":11,"column":5}},"line":8},"2":{"name":"(anonymous_2)","decl":{"start":{"line":14,"column":26},"end":{"line":14,"column":27}},"loc":{"start":{"line":14,"column":32},"end":{"line":24,"column":1}},"line":14}},"branchMap":{"0":{"loc":{"start":{"line":18,"column":8},"end":{"line":20,"column":9}},"type":"if","locations":[{"start":{"line":18,"column":8},"end":{"line":20,"column":9}},{"start":{"line":18,"column":8},"end":{"line":20,"column":9}}],"line":18}},"s":{"0":3,"1":3,"2":15,"3":15,"4":15,"5":15,"6":126,"7":3,"8":3,"9":3,"10":15,"11":15,"12":3,"13":3,"14":3},"f":{"0":15,"1":126,"2":3},"b":{"0":[15,0]},"_coverageSchema":"1a1c01bbd47fc00a2c39e90264f33305004495a9","hash":"a14b117f608b9be7bf1494eaa030ac1484132540"}
,"/Users/varman/Documents/assignment/joi-energy-js/src/readings/readings.js": {"path":"/Users/varman/Documents/assignment/joi-energy-js/src/readings/readings.js","statementMap":{"0":{"start":{"line":1,"column":17},"end":{"line":8,"column":2}},"1":{"start":{"line":1,"column":28},"end":{"line":8,"column":1}},"2":{"start":{"line":2,"column":30},"end":{"line":2,"column":49}},"3":{"start":{"line":4,"column":32},"end":{"line":4,"column":45}},"4":{"start":{"line":5,"column":8},"end":{"line":5,"column":58}},"5":{"start":{"line":6,"column":8},"end":{"line":6,"column":29}},"6":{"start":{"line":10,"column":0},"end":{"line":10,"column":30}}},"fnMap":{"0":{"name":"(anonymous_0)","decl":{"start":{"line":1,"column":17},"end":{"line":1,"column":18}},"loc":{"start":{"line":1,"column":28},"end":{"line":8,"column":1}},"line":1},"1":{"name":"(anonymous_1)","decl":{"start":{"line":2,"column":17},"end":{"line":2,"column":18}},"loc":{"start":{"line":2,"column":30},"end":{"line":2,"column":49}},"line":2},"2":{"name":"(anonymous_2)","decl":{"start":{"line":3,"column":17},"end":{"line":3,"column":18}},"loc":{"start":{"line":3,"column":40},"end":{"line":7,"column":5}},"line":3}},"branchMap":{"0":{"loc":{"start":{"line":2,"column":30},"end":{"line":2,"column":49}},"type":"binary-expr","locations":[{"start":{"line":2,"column":30},"end":{"line":2,"column":43}},{"start":{"line":2,"column":47},"end":{"line":2,"column":49}}],"line":2}},"s":{"0":4,"1":14,"2":17,"3":2,"4":2,"5":2,"6":4},"f":{"0":14,"1":17,"2":2},"b":{"0":[17,1]},"_coverageSchema":"1a1c01bbd47fc00a2c39e90264f33305004495a9","hash":"3549eb236e8278e021155813323e3ead72e62d4d"}
,"/Users/varman/Documents/assignment/joi-energy-js/src/usage/usage.js": {"path":"/Users/varman/Documents/assignment/joi-energy-js/src/usage/usage.js","statementMap":{"0":{"start":{"line":6,"column":16},"end":{"line":11,"column":1}},"1":{"start":{"line":7,"column":4},"end":{"line":10,"column":6}},"2":{"start":{"line":8,"column":40},"end":{"line":8,"column":59}},"3":{"start":{"line":18,"column":27},"end":{"line":23,"column":1}},"4":{"start":{"line":19,"column":4},"end":{"line":19,"column":45}},"5":{"start":{"line":19,"column":28},"end":{"line":19,"column":43}},"6":{"start":{"line":20,"column":20},"end":{"line":20,"column":73}},"7":{"start":{"line":21,"column":18},"end":{"line":21,"column":44}},"8":{"start":{"line":22,"column":4},"end":{"line":22,"column":17}},"9":{"start":{"line":30,"column":14},"end":{"line":32,"column":1}},"10":{"start":{"line":31,"column":4},"end":{"line":31,"column":60}},"11":{"start":{"line":40,"column":18},"end":{"line":42,"column":1}},"12":{"start":{"line":41,"column":4},"end":{"line":41,"column":34}},"13":{"start":{"line":50,"column":30},"end":{"line":56,"column":1}},"14":{"start":{"line":51,"column":4},"end":{"line":55,"column":7}},"15":{"start":{"line":52,"column":8},"end":{"line":54,"column":10}},"16":{"start":{"line":58,"column":0},"end":{"line":64,"column":2}}},"fnMap":{"0":{"name":"(anonymous_0)","decl":{"start":{"line":6,"column":16},"end":{"line":6,"column":17}},"loc":{"start":{"line":6,"column":30},"end":{"line":11,"column":1}},"line":6},"1":{"name":"(anonymous_1)","decl":{"start":{"line":8,"column":24},"end":{"line":8,"column":25}},"loc":{"start":{"line":8,"column":40},"end":{"line":8,"column":59}},"line":8},"2":{"name":"(anonymous_2)","decl":{"start":{"line":18,"column":27},"end":{"line":18,"column":28}},"loc":{"start":{"line":18,"column":41},"end":{"line":23,"column":1}},"line":18},"3":{"name":"(anonymous_3)","decl":{"start":{"line":19,"column":18},"end":{"line":19,"column":19}},"loc":{"start":{"line":19,"column":28},"end":{"line":19,"column":43}},"line":19},"4":{"name":"(anonymous_4)","decl":{"start":{"line":30,"column":14},"end":{"line":30,"column":15}},"loc":{"start":{"line":30,"column":28},"end":{"line":32,"column":1}},"line":30},"5":{"name":"(anonymous_5)","decl":{"start":{"line":40,"column":18},"end":{"line":40,"column":19}},"loc":{"start":{"line":40,"column":38},"end":{"line":42,"column":1}},"line":40},"6":{"name":"(anonymous_6)","decl":{"start":{"line":50,"column":30},"end":{"line":50,"column":31}},"loc":{"start":{"line":50,"column":56},"end":{"line":56,"column":1}},"line":50},"7":{"name":"(anonymous_7)","decl":{"start":{"line":51,"column":42},"end":{"line":51,"column":43}},"loc":{"start":{"line":51,"column":60},"end":{"line":55,"column":5}},"line":51}},"branchMap":{},"s":{"0":2,"1":15,"2":45,"3":2,"4":15,"5":30,"6":15,"7":15,"8":15,"9":2,"10":14,"11":2,"12":13,"13":2,"14":4,"15":12,"16":2},"f":{"0":15,"1":45,"2":15,"3":30,"4":14,"5":13,"6":4,"7":12},"b":{},"_coverageSchema":"1a1c01bbd47fc00a2c39e90264f33305004495a9","hash":"713ee89a20f0f52a62f0fb2def9224d167067008"}
}
