TN:
SF:src/meters/meters.js
FNF:0
FNH:0
DA:1,5
DA:3,5
DA:11,5
DA:17,5
LF:4
LH:4
BRF:0
BRH:0
end_of_record
TN:
SF:src/price-plans/price-plans-controller.js
FN:10,(anonymous_0)
FN:12,(anonymous_1)
FN:24,(anonymous_2)
FN:25,(anonymous_3)
FN:35,(anonymous_4)
FNF:5
FNH:5
FNDA:2,(anonymous_0)
FNDA:4,(anonymous_1)
FNDA:8,(anonymous_2)
FNDA:8,(anonymous_3)
FNDA:1,(anonymous_4)
DA:1,1
DA:2,1
DA:10,1
DA:11,2
DA:12,4
DA:13,2
DA:14,2
DA:16,0
DA:24,1
DA:25,8
DA:26,8
DA:35,1
DA:36,1
DA:37,1
DA:38,1
DA:44,1
LF:16
LH:15
BRDA:13,0,0,2
BRDA:13,0,1,0
BRDA:13,1,0,2
BRDA:13,1,1,1
BRF:4
BRH:3
end_of_record
TN:
SF:src/price-plans/price-plans.js
FNF:0
FNH:0
DA:1,5
DA:7,5
DA:13,5
DA:28,5
LF:4
LH:4
BRF:0
BRH:0
end_of_record
TN:
SF:src/readings/readings-controller.js
FN:1,(anonymous_0)
FN:6,(anonymous_1)
FNF:2
FNH:2
FNDA:1,(anonymous_0)
FNDA:1,(anonymous_1)
DA:1,1
DA:2,1
DA:3,1
DA:6,1
DA:7,1
DA:8,1
DA:11,1
LF:7
LH:7
BRF:0
BRH:0
end_of_record
TN:
SF:src/readings/readings.data.js
FN:3,(anonymous_0)
FN:8,(anonymous_1)
FN:14,(anonymous_2)
FNF:3
FNH:3
FNDA:15,(anonymous_0)
FNDA:126,(anonymous_1)
FNDA:3,(anonymous_2)
DA:1,3
DA:3,3
DA:4,15
DA:5,15
DA:6,15
DA:8,126
DA:14,3
DA:15,3
DA:17,3
DA:18,15
DA:19,15
DA:23,3
DA:26,3
DA:28,3
LF:14
LH:14
BRDA:18,0,0,15
BRDA:18,0,1,0
BRF:2
BRH:1
end_of_record
TN:
SF:src/readings/readings.js
FN:1,(anonymous_0)
FN:2,(anonymous_1)
FN:3,(anonymous_2)
FNF:3
FNH:3
FNDA:14,(anonymous_0)
FNDA:17,(anonymous_1)
FNDA:2,(anonymous_2)
DA:1,14
DA:2,17
DA:4,2
DA:5,2
DA:6,2
DA:10,4
LF:6
LH:6
BRDA:2,0,0,17
BRDA:2,0,1,1
BRF:2
BRH:2
end_of_record
TN:
SF:src/usage/usage.js
FN:6,(anonymous_0)
FN:8,(anonymous_1)
FN:18,(anonymous_2)
FN:19,(anonymous_3)
FN:30,(anonymous_4)
FN:40,(anonymous_5)
FN:50,(anonymous_6)
FN:51,(anonymous_7)
FNF:8
FNH:8
FNDA:15,(anonymous_0)
FNDA:45,(anonymous_1)
FNDA:15,(anonymous_2)
FNDA:30,(anonymous_3)
FNDA:14,(anonymous_4)
FNDA:13,(anonymous_5)
FNDA:4,(anonymous_6)
FNDA:12,(anonymous_7)
DA:6,2
DA:7,15
DA:8,45
DA:18,2
DA:19,30
DA:20,15
DA:21,15
DA:22,15
DA:30,2
DA:31,14
DA:40,2
DA:41,13
DA:50,2
DA:51,4
DA:52,12
DA:58,2
LF:16
LH:16
BRF:0
BRH:0
end_of_record
