TN:
SF:src/data/db.js
FN:5,(anonymous_0)
FN:12,(anonymous_1)
FN:17,(anonymous_2)
FN:29,(anonymous_3)
FN:30,(anonymous_4)
FN:54,(anonymous_5)
FN:58,(anonymous_6)
FN:62,(anonymous_7)
FN:69,(anonymous_8)
FN:86,(anonymous_9)
FN:98,(anonymous_10)
FN:102,(anonymous_11)
FNF:12
FNH:11
FNDA:8,(anonymous_0)
FNDA:8,(anonymous_1)
FNDA:0,(anonymous_2)
FNDA:14,(anonymous_3)
FNDA:15,(anonymous_4)
FNDA:14,(anonymous_5)
FNDA:6,(anonymous_6)
FNDA:11,(anonymous_7)
FNDA:7,(anonymous_8)
FNDA:6,(anonymous_9)
FNDA:5,(anonymous_10)
FNDA:11,(anonymous_11)
DA:1,5
DA:6,8
DA:7,8
DA:9,8
DA:13,8
DA:14,8
DA:18,0
DA:19,0
DA:20,0
DA:21,0
DA:26,0
DA:30,14
DA:31,15
DA:33,15
DA:34,15
DA:36,0
DA:39,0
DA:40,0
DA:41,0
DA:43,0
DA:46,0
DA:49,15
DA:55,14
DA:59,6
DA:63,11
DA:64,2
DA:66,9
DA:70,7
DA:71,7
DA:73,7
DA:75,7
DA:76,20
DA:78,20
DA:79,7
DA:83,7
DA:87,6
DA:88,6
DA:92,5
DA:99,5
DA:103,11
DA:105,5
DA:106,4
DA:109,5
DA:112,5
DA:113,4
DA:116,5
DA:119,1
DA:124,5
LF:48
LH:37
BRDA:7,0,0,8
BRDA:7,0,1,0
BRDA:18,1,0,0
BRDA:18,1,1,0
BRDA:18,2,0,0
BRDA:18,2,1,0
BRDA:20,3,0,0
BRDA:20,3,1,0
BRDA:33,4,0,15
BRDA:33,4,1,0
BRDA:40,5,0,0
BRDA:40,5,1,0
BRDA:63,6,0,2
BRDA:63,6,1,9
BRDA:73,7,0,7
BRDA:73,7,1,7
BRDA:78,8,0,7
BRDA:78,8,1,13
BRDA:103,9,0,5
BRDA:103,9,1,5
BRDA:103,9,2,1
BRDA:105,10,0,4
BRDA:105,10,1,1
BRDA:112,11,0,4
BRDA:112,11,1,1
BRF:25
BRH:15
end_of_record
TN:
SF:src/data/generator.js
FN:2,(anonymous_0)
FN:6,(anonymous_1)
FN:11,(anonymous_2)
FN:19,(anonymous_3)
FN:23,(anonymous_4)
FN:59,(anonymous_5)
FN:63,(anonymous_6)
FNF:7
FNH:7
FNDA:1,(anonymous_0)
FNDA:5,(anonymous_1)
FNDA:59,(anonymous_2)
FNDA:1,(anonymous_3)
FNDA:1,(anonymous_4)
FNDA:1,(anonymous_5)
FNDA:1,(anonymous_6)
DA:3,1
DA:7,5
DA:8,5
DA:9,5
DA:11,59
DA:20,1
DA:24,1
DA:30,1
DA:36,1
DA:54,1
DA:60,1
DA:64,1
DA:72,1
DA:77,1
LF:14
LH:14
BRF:0
BRH:0
end_of_record
TN:
SF:src/data/seed.js
FN:5,(anonymous_0)
FN:9,(anonymous_1)
FNF:2
FNH:2
FNDA:1,(anonymous_0)
FNDA:1,(anonymous_1)
DA:1,1
DA:2,1
DA:6,1
DA:10,1
DA:11,1
DA:12,1
DA:14,1
DA:16,1
DA:18,1
DA:19,5
DA:20,5
DA:27,1
DA:31,1
LF:13
LH:13
BRDA:19,0,0,5
BRDA:19,0,1,0
BRF:2
BRH:1
end_of_record
TN:
SF:src/services/meter-readings/index.js
FN:2,(anonymous_0)
FN:6,(anonymous_1)
FN:7,(anonymous_2)
FN:9,(anonymous_3)
FN:15,(anonymous_4)
FN:23,(anonymous_5)
FN:24,(anonymous_6)
FN:27,(anonymous_7)
FN:28,(anonymous_8)
FN:34,(anonymous_9)
FN:42,(anonymous_10)
FNF:11
FNH:8
FNDA:2,(anonymous_0)
FNDA:0,(anonymous_1)
FNDA:0,(anonymous_2)
FNDA:0,(anonymous_3)
FNDA:11,(anonymous_4)
FNDA:7,(anonymous_5)
FNDA:14,(anonymous_6)
FNDA:7,(anonymous_7)
FNDA:7,(anonymous_8)
FNDA:8,(anonymous_9)
FNDA:1,(anonymous_10)
DA:3,2
DA:7,0
DA:8,0
DA:10,0
DA:11,0
DA:16,11
DA:17,11
DA:20,0
DA:24,14
DA:28,7
DA:29,7
DA:30,7
DA:31,7
DA:35,8
DA:36,7
DA:37,7
DA:39,7
DA:43,1
DA:47,2
LF:19
LH:14
BRDA:16,0,0,11
BRDA:16,0,1,0
BRF:2
BRH:1
end_of_record
TN:
SF:src/services/price-plans/index.js
FN:2,(anonymous_0)
FN:6,(anonymous_1)
FN:10,(anonymous_2)
FN:12,(anonymous_3)
FN:13,(anonymous_4)
FNF:5
FNH:5
FNDA:2,(anonymous_0)
FNDA:2,(anonymous_1)
FNDA:3,(anonymous_2)
FNDA:4,(anonymous_3)
FNDA:7,(anonymous_4)
DA:3,2
DA:7,2
DA:11,3
DA:12,4
DA:13,7
DA:15,3
DA:19,2
LF:7
LH:7
BRF:0
BRH:0
end_of_record
TN:
SF:src/services/recommendation/index.js
FN:5,(anonymous_0)
FN:10,(anonymous_1)
FN:14,(anonymous_2)
FN:22,(anonymous_3)
FN:23,(anonymous_4)
FN:30,(anonymous_5)
FN:31,(anonymous_6)
FN:38,(anonymous_7)
FNF:8
FNH:8
FNDA:1,(anonymous_0)
FNDA:4,(anonymous_1)
FNDA:5,(anonymous_2)
FNDA:2,(anonymous_3)
FNDA:3,(anonymous_4)
FNDA:1,(anonymous_5)
FNDA:2,(anonymous_6)
FNDA:2,(anonymous_7)
DA:6,1
DA:7,1
DA:11,4
DA:15,5
DA:16,0
DA:19,5
DA:23,2
DA:24,3
DA:31,1
DA:32,2
DA:39,2
DA:41,1
DA:45,1
LF:13
LH:12
BRDA:15,0,0,0
BRDA:15,0,1,5
BRF:2
BRH:1
end_of_record
TN:
SF:src/utils/error/types/index.js
FN:2,(anonymous_0)
FNF:1
FNH:1
FNDA:2,(anonymous_0)
DA:3,2
DA:4,2
DA:8,5
LF:3
LH:3
BRF:0
BRH:0
end_of_record
